<?xml version="1.0" encoding="UTF-8"?>
<!-- Generated by org.testng.reporters.JUnitXMLReporter -->
<testsuite ignored="1" hostname="DESKTOP-RS2QM8U" failures="1" tests="1" name="Test(failed)" time="1.85" errors="0" timestamp="2025-05-07T14:18:45 IST">
  <testcase classname="TestPackage.HomePageTestCases" name="verifyUserIsAbleToSearchItemWithValidData" time="0.612">
    <failure type="java.lang.AssertionError" message="expected [iPhone] but found [Phone]">
      <![CDATA[java.lang.AssertionError: expected [iPhone] but found [Phone]
at TestPackage.HomePageTestCases.verifyUserIsAbleToSearchItemWithValidData(HomePageTestCases.java:36)
at java.base/java.util.ArrayList.forEach(ArrayList.java:1596)
... Removed 31 stack frames]]>
    </failure>
  </testcase> <!-- verifyUserIsAbleToSearchItemWithValidData -->
  <testcase classname="TestPackage.HomePageTestCases" name="verifyUserIsAbleToSearchAllProductsWithIphoneBrandWithDescription" time="0.0">
    <ignored/>
  </testcase> <!-- verifyUserIsAbleToSearchAllProductsWithIphoneBrandWithDescription -->
</testsuite> <!-- Test(failed) -->
